[08-Jul-2017 20:51:37 UTC] PHP Warning:  The use statement with non-compound name 'App짜Books' has no effect in /home/ubuntu/workspace/cms/app/Http/routes.php on line 14
[08-Jul-2017 20:51:37 UTC] PHP Stack trace:
[08-Jul-2017 20:51:37 UTC] PHP   1. {main}() /home/ubuntu/workspace/cms/public/index.php:0
[08-Jul-2017 20:51:37 UTC] PHP   2. Illuminate\Foundation\Http\Kernel->handle() /home/ubuntu/workspace/cms/public/index.php:54
[08-Jul-2017 20:51:37 UTC] PHP   3. Illuminate\Foundation\Http\Kernel->sendRequestThroughRouter() /home/ubuntu/workspace/cms/vendor/laravel/framework/src/Illuminate/Foundation/Http/Kernel.php:99
[08-Jul-2017 20:51:37 UTC] PHP   4. Illuminate\Foundation\Http\Kernel->bootstrap() /home/ubuntu/workspace/cms/vendor/laravel/framework/src/Illuminate/Foundation/Http/Kernel.php:127
[08-Jul-2017 20:51:37 UTC] PHP   5. Illuminate\Foundation\Application->bootstrapWith() /home/ubuntu/workspace/cms/vendor/laravel/framework/src/Illuminate/Foundation/Http/Kernel.php:232
[08-Jul-2017 20:51:37 UTC] PHP   6. Illuminate\Foundation\Bootstrap\BootProviders->bootstrap() /home/ubuntu/workspace/cms/vendor/laravel/framework/src/Illuminate/Foundation/Application.php:203
[08-Jul-2017 20:51:37 UTC] PHP   7. Illuminate\Foundation\Application->boot() /home/ubuntu/workspace/cms/vendor/laravel/framework/src/Illuminate/Foundation/Bootstrap/BootProviders.php:17
[08-Jul-2017 20:51:37 UTC] PHP   8. array_walk() /home/ubuntu/workspace/cms/vendor/laravel/framework/src/Illuminate/Foundation/Application.php:741
[08-Jul-2017 20:51:37 UTC] PHP   9. Illuminate\Foundation\Application->Illuminate\Foundation\{closure}() /home/ubuntu/workspace/cms/vendor/laravel/framework/src/Illuminate/Foundation/Application.php:741
[08-Jul-2017 20:51:37 UTC] PHP  10. Illuminate\Foundation\Application->bootProvider() /home/ubuntu/workspace/cms/vendor/laravel/framework/src/Illuminate/Foundation/Application.php:740
[08-Jul-2017 20:51:37 UTC] PHP  11. Illuminate\Container\Container->call() /home/ubuntu/workspace/cms/vendor/laravel/framework/src/Illuminate/Foundation/Application.php:757
[08-Jul-2017 20:51:37 UTC] PHP  12. call_user_func_array:{/home/ubuntu/workspace/cms/vendor/laravel/framework/src/Illuminate/Container/Container.php:507}() /home/ubuntu/workspace/cms/vendor/laravel/framework/src/Illuminate/Container/Container.php:507
[08-Jul-2017 20:51:37 UTC] PHP  13. App\Providers\RouteServiceProvider->boot() /home/ubuntu/workspace/cms/vendor/laravel/framework/src/Illuminate/Container/Container.php:507
[08-Jul-2017 20:51:37 UTC] PHP  14. Illuminate\Foundation\Support\Providers\RouteServiceProvider->boot() /home/ubuntu/workspace/cms/app/Providers/RouteServiceProvider.php:29
[08-Jul-2017 20:51:37 UTC] PHP  15. Illuminate\Foundation\Support\Providers\RouteServiceProvider->loadRoutes() /home/ubuntu/workspace/cms/vendor/laravel/framework/src/Illuminate/Foundation/Support/Providers/RouteServiceProvider.php:31
[08-Jul-2017 20:51:37 UTC] PHP  16. Illuminate\Container\Container->call() /home/ubuntu/workspace/cms/vendor/laravel/framework/src/Illuminate/Foundation/Support/Providers/RouteServiceProvider.php:72
[08-Jul-2017 20:51:37 UTC] PHP  17. call_user_func_array:{/home/ubuntu/workspace/cms/vendor/laravel/framework/src/Illuminate/Container/Container.php:507}() /home/ubuntu/workspace/cms/vendor/laravel/framework/src/Illuminate/Container/Container.php:507
[08-Jul-2017 20:51:37 UTC] PHP  18. App\Providers\RouteServiceProvider->map() /home/ubuntu/workspace/cms/vendor/laravel/framework/src/Illuminate/Container/Container.php:507
[08-Jul-2017 20:51:37 UTC] PHP  19. App\Providers\RouteServiceProvider->mapWebRoutes() /home/ubuntu/workspace/cms/app/Providers/RouteServiceProvider.php:40
[08-Jul-2017 20:51:37 UTC] PHP  20. Illuminate\Routing\Router->group() /home/ubuntu/workspace/cms/app/Providers/RouteServiceProvider.php:59
[08-Jul-2017 20:51:37 UTC] PHP  21. call_user_func:{/home/ubuntu/workspace/cms/vendor/laravel/framework/src/Illuminate/Routing/Router.php:398}() /home/ubuntu/workspace/cms/vendor/laravel/framework/src/Illuminate/Routing/Router.php:398
[08-Jul-2017 20:51:37 UTC] PHP  22. App\Providers\RouteServiceProvider->App\Providers\{closure}() /home/ubuntu/workspace/cms/vendor/laravel/framework/src/Illuminate/Routing/Router.php:398
[08-Jul-2017 20:51:37 UTC] PHP Warning:  The use statement with non-compound name 'Illuminate짜Request' has no effect in /home/ubuntu/workspace/cms/app/Http/routes.php on line 15
[08-Jul-2017 20:51:37 UTC] PHP Stack trace:
[08-Jul-2017 20:51:37 UTC] PHP   1. {main}() /home/ubuntu/workspace/cms/public/index.php:0
[08-Jul-2017 20:51:37 UTC] PHP   2. Illuminate\Foundation\Http\Kernel->handle() /home/ubuntu/workspace/cms/public/index.php:54
[08-Jul-2017 20:51:37 UTC] PHP   3. Illuminate\Foundation\Http\Kernel->sendRequestThroughRouter() /home/ubuntu/workspace/cms/vendor/laravel/framework/src/Illuminate/Foundation/Http/Kernel.php:99
[08-Jul-2017 20:51:37 UTC] PHP   4. Illuminate\Foundation\Http\Kernel->bootstrap() /home/ubuntu/workspace/cms/vendor/laravel/framework/src/Illuminate/Foundation/Http/Kernel.php:127
[08-Jul-2017 20:51:37 UTC] PHP   5. Illuminate\Foundation\Application->bootstrapWith() /home/ubuntu/workspace/cms/vendor/laravel/framework/src/Illuminate/Foundation/Http/Kernel.php:232
[08-Jul-2017 20:51:37 UTC] PHP   6. Illuminate\Foundation\Bootstrap\BootProviders->bootstrap() /home/ubuntu/workspace/cms/vendor/laravel/framework/src/Illuminate/Foundation/Application.php:203
[08-Jul-2017 20:51:37 UTC] PHP   7. Illuminate\Foundation\Application->boot() /home/ubuntu/workspace/cms/vendor/laravel/framework/src/Illuminate/Foundation/Bootstrap/BootProviders.php:17
[08-Jul-2017 20:51:37 UTC] PHP   8. array_walk() /home/ubuntu/workspace/cms/vendor/laravel/framework/src/Illuminate/Foundation/Application.php:741
[08-Jul-2017 20:51:37 UTC] PHP   9. Illuminate\Foundation\Application->Illuminate\Foundation\{closure}() /home/ubuntu/workspace/cms/vendor/laravel/framework/src/Illuminate/Foundation/Application.php:741
[08-Jul-2017 20:51:37 UTC] PHP  10. Illuminate\Foundation\Application->bootProvider() /home/ubuntu/workspace/cms/vendor/laravel/framework/src/Illuminate/Foundation/Application.php:740
[08-Jul-2017 20:51:37 UTC] PHP  11. Illuminate\Container\Container->call() /home/ubuntu/workspace/cms/vendor/laravel/framework/src/Illuminate/Foundation/Application.php:757
[08-Jul-2017 20:51:37 UTC] PHP  12. call_user_func_array:{/home/ubuntu/workspace/cms/vendor/laravel/framework/src/Illuminate/Container/Container.php:507}() /home/ubuntu/workspace/cms/vendor/laravel/framework/src/Illuminate/Container/Container.php:507
[08-Jul-2017 20:51:37 UTC] PHP  13. App\Providers\RouteServiceProvider->boot() /home/ubuntu/workspace/cms/vendor/laravel/framework/src/Illuminate/Container/Container.php:507
[08-Jul-2017 20:51:37 UTC] PHP  14. Illuminate\Foundation\Support\Providers\RouteServiceProvider->boot() /home/ubuntu/workspace/cms/app/Providers/RouteServiceProvider.php:29
[08-Jul-2017 20:51:37 UTC] PHP  15. Illuminate\Foundation\Support\Providers\RouteServiceProvider->loadRoutes() /home/ubuntu/workspace/cms/vendor/laravel/framework/src/Illuminate/Foundation/Support/Providers/RouteServiceProvider.php:31
[08-Jul-2017 20:51:37 UTC] PHP  16. Illuminate\Container\Container->call() /home/ubuntu/workspace/cms/vendor/laravel/framework/src/Illuminate/Foundation/Support/Providers/RouteServiceProvider.php:72
[08-Jul-2017 20:51:37 UTC] PHP  17. call_user_func_array:{/home/ubuntu/workspace/cms/vendor/laravel/framework/src/Illuminate/Container/Container.php:507}() /home/ubuntu/workspace/cms/vendor/laravel/framework/src/Illuminate/Container/Container.php:507
[08-Jul-2017 20:51:37 UTC] PHP  18. App\Providers\RouteServiceProvider->map() /home/ubuntu/workspace/cms/vendor/laravel/framework/src/Illuminate/Container/Container.php:507
[08-Jul-2017 20:51:37 UTC] PHP  19. App\Providers\RouteServiceProvider->mapWebRoutes() /home/ubuntu/workspace/cms/app/Providers/RouteServiceProvider.php:40
[08-Jul-2017 20:51:37 UTC] PHP  20. Illuminate\Routing\Router->group() /home/ubuntu/workspace/cms/app/Providers/RouteServiceProvider.php:59
[08-Jul-2017 20:51:37 UTC] PHP  21. call_user_func:{/home/ubuntu/workspace/cms/vendor/laravel/framework/src/Illuminate/Routing/Router.php:398}() /home/ubuntu/workspace/cms/vendor/laravel/framework/src/Illuminate/Routing/Router.php:398
[08-Jul-2017 20:51:37 UTC] PHP  22. App\Providers\RouteServiceProvider->App\Providers\{closure}() /home/ubuntu/workspace/cms/vendor/laravel/framework/src/Illuminate/Routing/Router.php:398
[08-Jul-2017 20:53:41 UTC] PHP Parse error:  syntax error, unexpected end of file in /home/ubuntu/workspace/cms/storage/framework/views/da1e52584e90d563bf0773a5fc71076c5286ea9b.php on line 15
[08-Jul-2017 20:53:41 UTC] PHP Stack trace:
[08-Jul-2017 20:53:41 UTC] PHP   1. {main}() /home/ubuntu/workspace/cms/public/index.php:0
[08-Jul-2017 20:53:41 UTC] PHP   2. Illuminate\Foundation\Http\Kernel->handle() /home/ubuntu/workspace/cms/public/index.php:54
[08-Jul-2017 20:53:41 UTC] PHP   3. Illuminate\Foundation\Http\Kernel->sendRequestThroughRouter() /home/ubuntu/workspace/cms/vendor/laravel/framework/src/Illuminate/Foundation/Http/Kernel.php:99
[08-Jul-2017 20:53:41 UTC] PHP   4. Illuminate\Pipeline\Pipeline->then() /home/ubuntu/workspace/cms/vendor/laravel/framework/src/Illuminate/Foundation/Http/Kernel.php:132
[08-Jul-2017 20:53:41 UTC] PHP   5. call_user_func:{/home/ubuntu/workspace/cms/vendor/laravel/framework/src/Illuminate/Pipeline/Pipeline.php:103}() /home/ubuntu/workspace/cms/vendor/laravel/framework/src/Illuminate/Pipeline/Pipeline.php:103
[08-Jul-2017 20:53:41 UTC] PHP   6. Illuminate\Routing\Pipeline->Illuminate\Routing\{closure}() /home/ubuntu/workspace/cms/vendor/laravel/framework/src/Illuminate/Pipeline/Pipeline.php:103
[08-Jul-2017 20:53:41 UTC] PHP   7. call_user_func:{/home/ubuntu/workspace/cms/vendor/laravel/framework/src/Illuminate/Routing/Pipeline.php:32}() /home/ubuntu/workspace/cms/vendor/laravel/framework/src/Illuminate/Routing/Pipeline.php:32
[08-Jul-2017 20:53:41 UTC] PHP   8. Illuminate\Pipeline\Pipeline->Illuminate\Pipeline\{closure}() /home/ubuntu/workspace/cms/vendor/laravel/framework/src/Illuminate/Routing/Pipeline.php:32
[08-Jul-2017 20:53:41 UTC] PHP   9. call_user_func_array:{/home/ubuntu/workspace/cms/vendor/laravel/framework/src/Illuminate/Pipeline/Pipeline.php:136}() /home/ubuntu/workspace/cms/vendor/laravel/framework/src/Illuminate/Pipeline/Pipeline.php:136
[08-Jul-2017 20:53:41 UTC] PHP  10. Illuminate\Foundation\Http\Middleware\CheckForMaintenanceMode->handle() /home/ubuntu/workspace/cms/vendor/laravel/framework/src/Illuminate/Pipeline/Pipeline.php:136
[08-Jul-2017 20:53:41 UTC] PHP  11. Illuminate\Routing\Pipeline->Illuminate\Routing\{closure}() /home/ubuntu/workspace/cms/vendor/laravel/framework/src/Illuminate/Foundation/Http/Middleware/CheckForMaintenanceMode.php:44
[08-Jul-2017 20:53:41 UTC] PHP  12. call_user_func:{/home/ubuntu/workspace/cms/vendor/laravel/framework/src/Illuminate/Routing/Pipeline.php:52}() /home/ubuntu/workspace/cms/vendor/laravel/framework/src/Illuminate/Routing/Pipeline.php:52
[08-Jul-2017 20:53:41 UTC] PHP  13. Illuminate\Foundation\Http\Kernel->Illuminate\Foundation\Http\{closure}() /home/ubuntu/workspace/cms/vendor/laravel/framework/src/Illuminate/Routing/Pipeline.php:52
[08-Jul-2017 20:53:41 UTC] PHP  14. Illuminate\Routing\Router->dispatch() /home/ubuntu/workspace/cms/vendor/laravel/framework/src/Illuminate/Foundation/Http/Kernel.php:246
[08-Jul-2017 20:53:41 UTC] PHP  15. Illuminate\Routing\Router->dispatchToRoute() /home/ubuntu/workspace/cms/vendor/laravel/framework/src/Illuminate/Routing/Router.php:675
[08-Jul-2017 20:53:41 UTC] PHP  16. Illuminate\Routing\Router->runRouteWithinStack() /home/ubuntu/workspace/cms/vendor/laravel/framework/src/Illuminate/Routing/Router.php:699
[08-Jul-2017 20:53:41 UTC] PHP  17. Illuminate\Pipeline\Pipeline->then() /home/ubuntu/workspace/cms/vendor/laravel/framework/src/Illuminate/Routing/Router.php:726
[08-Jul-2017 20:53:41 UTC] PHP  18. call_user_func:{/home/ubuntu/workspace/cms/vendor/laravel/framework/src/Illuminate/Pipeline/Pipeline.php:103}() /home/ubuntu/workspace/cms/vendor/laravel/framework/src/Illuminate/Pipeline/Pipeline.php:103
[08-Jul-2017 20:53:41 UTC] PHP  19. Illuminate\Routing\Pipeline->Illuminate\Routing\{closure}() /home/ubuntu/workspace/cms/vendor/laravel/framework/src/Illuminate/Pipeline/Pipeline.php:103
[08-Jul-2017 20:53:41 UTC] PHP  20. call_user_func:{/home/ubuntu/workspace/cms/vendor/laravel/framework/src/Illuminate/Routing/Pipeline.php:32}() /home/ubuntu/workspace/cms/vendor/laravel/framework/src/Illuminate/Routing/Pipeline.php:32
[08-Jul-2017 20:53:41 UTC] PHP  21. Illuminate\Pipeline\Pipeline->Illuminate\Pipeline\{closure}() /home/ubuntu/workspace/cms/vendor/laravel/framework/src/Illuminate/Routing/Pipeline.php:32
[08-Jul-2017 20:53:41 UTC] PHP  22. call_user_func_array:{/home/ubuntu/workspace/cms/vendor/laravel/framework/src/Illuminate/Pipeline/Pipeline.php:136}() /home/ubuntu/workspace/cms/vendor/laravel/framework/src/Illuminate/Pipeline/Pipeline.php:136
[08-Jul-2017 20:53:41 UTC] PHP  23. Illuminate\Cookie\Middleware\EncryptCookies->handle() /home/ubuntu/workspace/cms/vendor/laravel/framework/src/Illuminate/Pipeline/Pipeline.php:136
[08-Jul-2017 20:53:41 UTC] PHP  24. Illuminate\Routing\Pipeline->Illuminate\Routing\{closure}() /home/ubuntu/workspace/cms/vendor/laravel/framework/src/Illuminate/Cookie/Middleware/EncryptCookies.php:59
[08-Jul-2017 20:53:41 UTC] PHP  25. call_user_func:{/home/ubuntu/workspace/cms/vendor/laravel/framework/src/Illuminate/Routing/Pipeline.php:32}() /home/ubuntu/workspace/cms/vendor/laravel/framework/src/Illuminate/Routing/Pipeline.php:32
[08-Jul-2017 20:53:41 UTC] PHP  26. Illuminate\Pipeline\Pipeline->Illuminate\Pipeline\{closure}() /home/ubuntu/workspace/cms/vendor/laravel/framework/src/Illuminate/Routing/Pipeline.php:32
[08-Jul-2017 20:53:41 UTC] PHP  27. call_user_func_array:{/home/ubuntu/workspace/cms/vendor/laravel/framework/src/Illuminate/Pipeline/Pipeline.php:136}() /home/ubuntu/workspace/cms/vendor/laravel/framework/src/Illuminate/Pipeline/Pipeline.php:136
[08-Jul-2017 20:53:41 UTC] PHP  28. Illuminate\Cookie\Middleware\AddQueuedCookiesToResponse->handle() /home/ubuntu/workspace/cms/vendor/laravel/framework/src/Illuminate/Pipeline/Pipeline.php:136
[08-Jul-2017 20:53:41 UTC] PHP  29. Illuminate\Routing\Pipeline->Illuminate\Routing\{closure}() /home/ubuntu/workspace/cms/vendor/laravel/framework/src/Illuminate/Cookie/Middleware/AddQueuedCookiesToResponse.php:37
[08-Jul-2017 20:53:41 UTC] PHP  30. call_user_func:{/home/ubuntu/workspace/cms/vendor/laravel/framework/src/Illuminate/Routing/Pipeline.php:32}() /home/ubuntu/workspace/cms/vendor/laravel/framework/src/Illuminate/Routing/Pipeline.php:32
[08-Jul-2017 20:53:41 UTC] PHP  31. Illuminate\Pipeline\Pipeline->Illuminate\Pipeline\{closure}() /home/ubuntu/workspace/cms/vendor/laravel/framework/src/Illuminate/Routing/Pipeline.php:32
[08-Jul-2017 20:53:41 UTC] PHP  32. call_user_func_array:{/home/ubuntu/workspace/cms/vendor/laravel/framework/src/Illuminate/Pipeline/Pipeline.php:136}() /home/ubuntu/workspace/cms/vendor/laravel/framework/src/Illuminate/Pipeline/Pipeline.php:136
[08-Jul-2017 20:53:41 UTC] PHP  33. Illuminate\Session\Middleware\StartSession->handle() /home/ubuntu/workspace/cms/vendor/laravel/framework/src/Illuminate/Pipeline/Pipeline.php:136
[08-Jul-2017 20:53:41 UTC] PHP  34. Illuminate\Routing\Pipeline->Illuminate\Routing\{closure}() /home/ubuntu/workspace/cms/vendor/laravel/framework/src/Illuminate/Session/Middleware/StartSession.php:64
[08-Jul-2017 20:53:41 UTC] PHP  35. call_user_func:{/home/ubuntu/workspace/cms/vendor/laravel/framework/src/Illuminate/Routing/Pipeline.php:32}() /home/ubuntu/workspace/cms/vendor/laravel/framework/src/Illuminate/Routing/Pipeline.php:32
[08-Jul-2017 20:53:41 UTC] PHP  36. Illuminate\Pipeline\Pipeline->Illuminate\Pipeline\{closure}() /home/ubuntu/workspace/cms/vendor/laravel/framework/src/Illuminate/Routing/Pipeline.php:32
[08-Jul-2017 20:53:41 UTC] PHP  37. call_user_func_array:{/home/ubuntu/workspace/cms/vendor/laravel/framework/src/Illuminate/Pipeline/Pipeline.php:136}() /home/ubuntu/workspace/cms/vendor/laravel/framework/src/Illuminate/Pipeline/Pipeline.php:136
[08-Jul-2017 20:53:41 UTC] PHP  38. Illuminate\View\Middleware\ShareErrorsFromSession->handle() /home/ubuntu/workspace/cms/vendor/laravel/framework/src/Illuminate/Pipeline/Pipeline.php:136
[08-Jul-2017 20:53:41 UTC] PHP  39. Illuminate\Routing\Pipeline->Illuminate\Routing\{closure}() /home/ubuntu/workspace/cms/vendor/laravel/framework/src/Illuminate/View/Middleware/ShareErrorsFromSession.php:49
[08-Jul-2017 20:53:41 UTC] PHP  40. call_user_func:{/home/ubuntu/workspace/cms/vendor/laravel/framework/src/Illuminate/Routing/Pipeline.php:32}() /home/ubuntu/workspace/cms/vendor/laravel/framework/src/Illuminate/Routing/Pipeline.php:32
[08-Jul-2017 20:53:41 UTC] PHP  41. Illuminate\Pipeline\Pipeline->Illuminate\Pipeline\{closure}() /home/ubuntu/workspace/cms/vendor/laravel/framework/src/Illuminate/Routing/Pipeline.php:32
[08-Jul-2017 20:53:41 UTC] PHP  42. call_user_func_array:{/home/ubuntu/workspace/cms/vendor/laravel/framework/src/Illuminate/Pipeline/Pipeline.php:136}() /home/ubuntu/workspace/cms/vendor/laravel/framework/src/Illuminate/Pipeline/Pipeline.php:136
[08-Jul-2017 20:53:41 UTC] PHP  43. Illuminate\Foundation\Http\Middleware\VerifyCsrfToken->handle() /home/ubuntu/workspace/cms/vendor/laravel/framework/src/Illuminate/Pipeline/Pipeline.php:136
[08-Jul-2017 20:53:41 UTC] PHP  44. Illuminate\Routing\Pipeline->Illuminate\Routing\{closure}() /home/ubuntu/workspace/cms/vendor/laravel/framework/src/Illuminate/Foundation/Http/Middleware/VerifyCsrfToken.php:64
[08-Jul-2017 20:53:41 UTC] PHP  45. call_user_func:{/home/ubuntu/workspace/cms/vendor/laravel/framework/src/Illuminate/Routing/Pipeline.php:52}() /home/ubuntu/workspace/cms/vendor/laravel/framework/src/Illuminate/Routing/Pipeline.php:52
[08-Jul-2017 20:53:41 UTC] PHP  46. Illuminate\Routing\Router->Illuminate\Routing\{closure}() /home/ubuntu/workspace/cms/vendor/laravel/framework/src/Illuminate/Routing/Pipeline.php:52
[08-Jul-2017 20:53:41 UTC] PHP  47. Illuminate\Routing\Router->prepareResponse() /home/ubuntu/workspace/cms/vendor/laravel/framework/src/Illuminate/Routing/Router.php:725
[08-Jul-2017 20:53:41 UTC] PHP  48. Symfony\Component\HttpFoundation\Response->__construct() /home/ubuntu/workspace/cms/vendor/laravel/framework/src/Illuminate/Routing/Router.php:1085
[08-Jul-2017 20:53:41 UTC] PHP  49. Illuminate\Http\Response->setContent() /home/ubuntu/workspace/cms/vendor/symfony/http-foundation/Response.php:201
[08-Jul-2017 20:53:41 UTC] PHP  50. Illuminate\View\View->render() /home/ubuntu/workspace/cms/vendor/laravel/framework/src/Illuminate/Http/Response.php:53
[08-Jul-2017 20:53:41 UTC] PHP  51. Illuminate\View\View->renderContents() /home/ubuntu/workspace/cms/vendor/laravel/framework/src/Illuminate/View/View.php:85
[08-Jul-2017 20:53:41 UTC] PHP  52. Illuminate\View\View->getContents() /home/ubuntu/workspace/cms/vendor/laravel/framework/src/Illuminate/View/View.php:120
[08-Jul-2017 20:53:41 UTC] PHP  53. Illuminate\View\Engines\CompilerEngine->get() /home/ubuntu/workspace/cms/vendor/laravel/framework/src/Illuminate/View/View.php:149
[08-Jul-2017 20:53:41 UTC] PHP  54. Illuminate\View\Engines\PhpEngine->evaluatePath() /home/ubuntu/workspace/cms/vendor/laravel/framework/src/Illuminate/View/Engines/CompilerEngine.php:59
[08-Jul-2017 20:53:41 UTC] PHP  55. include() /home/ubuntu/workspace/cms/vendor/laravel/framework/src/Illuminate/View/Engines/PhpEngine.php:42
[08-Jul-2017 20:53:41 UTC] PHP  56. Illuminate\View\View->render() /home/ubuntu/workspace/cms/storage/framework/views/450d54023cac52d243fd0738556fc3139dbf1c5e.php:7
[08-Jul-2017 20:53:41 UTC] PHP  57. Illuminate\View\View->renderContents() /home/ubuntu/workspace/cms/vendor/laravel/framework/src/Illuminate/View/View.php:85
[08-Jul-2017 20:53:41 UTC] PHP  58. Illuminate\View\View->getContents() /home/ubuntu/workspace/cms/vendor/laravel/framework/src/Illuminate/View/View.php:120
[08-Jul-2017 20:53:41 UTC] PHP  59. Illuminate\View\Engines\CompilerEngine->get() /home/ubuntu/workspace/cms/vendor/laravel/framework/src/Illuminate/View/View.php:149
[08-Jul-2017 20:53:41 UTC] PHP  60. Illuminate\View\Engines\PhpEngine->evaluatePath() /home/ubuntu/workspace/cms/vendor/laravel/framework/src/Illuminate/View/Engines/CompilerEngine.php:59
[08-Jul-2017 20:53:56 UTC] PHP Parse error:  syntax error, unexpected end of file in /home/ubuntu/workspace/cms/storage/framework/views/da1e52584e90d563bf0773a5fc71076c5286ea9b.php on line 15
[08-Jul-2017 20:53:56 UTC] PHP Stack trace:
[08-Jul-2017 20:53:56 UTC] PHP   1. {main}() /home/ubuntu/workspace/cms/public/index.php:0
[08-Jul-2017 20:53:56 UTC] PHP   2. Illuminate\Foundation\Http\Kernel->handle() /home/ubuntu/workspace/cms/public/index.php:54
[08-Jul-2017 20:53:56 UTC] PHP   3. Illuminate\Foundation\Http\Kernel->sendRequestThroughRouter() /home/ubuntu/workspace/cms/vendor/laravel/framework/src/Illuminate/Foundation/Http/Kernel.php:99
[08-Jul-2017 20:53:56 UTC] PHP   4. Illuminate\Pipeline\Pipeline->then() /home/ubuntu/workspace/cms/vendor/laravel/framework/src/Illuminate/Foundation/Http/Kernel.php:132
[08-Jul-2017 20:53:56 UTC] PHP   5. call_user_func:{/home/ubuntu/workspace/cms/vendor/laravel/framework/src/Illuminate/Pipeline/Pipeline.php:103}() /home/ubuntu/workspace/cms/vendor/laravel/framework/src/Illuminate/Pipeline/Pipeline.php:103
[08-Jul-2017 20:53:56 UTC] PHP   6. Illuminate\Routing\Pipeline->Illuminate\Routing\{closure}() /home/ubuntu/workspace/cms/vendor/laravel/framework/src/Illuminate/Pipeline/Pipeline.php:103
[08-Jul-2017 20:53:56 UTC] PHP   7. call_user_func:{/home/ubuntu/workspace/cms/vendor/laravel/framework/src/Illuminate/Routing/Pipeline.php:32}() /home/ubuntu/workspace/cms/vendor/laravel/framework/src/Illuminate/Routing/Pipeline.php:32
[08-Jul-2017 20:53:56 UTC] PHP   8. Illuminate\Pipeline\Pipeline->Illuminate\Pipeline\{closure}() /home/ubuntu/workspace/cms/vendor/laravel/framework/src/Illuminate/Routing/Pipeline.php:32
[08-Jul-2017 20:53:56 UTC] PHP   9. call_user_func_array:{/home/ubuntu/workspace/cms/vendor/laravel/framework/src/Illuminate/Pipeline/Pipeline.php:136}() /home/ubuntu/workspace/cms/vendor/laravel/framework/src/Illuminate/Pipeline/Pipeline.php:136
[08-Jul-2017 20:53:56 UTC] PHP  10. Illuminate\Foundation\Http\Middleware\CheckForMaintenanceMode->handle() /home/ubuntu/workspace/cms/vendor/laravel/framework/src/Illuminate/Pipeline/Pipeline.php:136
[08-Jul-2017 20:53:56 UTC] PHP  11. Illuminate\Routing\Pipeline->Illuminate\Routing\{closure}() /home/ubuntu/workspace/cms/vendor/laravel/framework/src/Illuminate/Foundation/Http/Middleware/CheckForMaintenanceMode.php:44
[08-Jul-2017 20:53:56 UTC] PHP  12. call_user_func:{/home/ubuntu/workspace/cms/vendor/laravel/framework/src/Illuminate/Routing/Pipeline.php:52}() /home/ubuntu/workspace/cms/vendor/laravel/framework/src/Illuminate/Routing/Pipeline.php:52
[08-Jul-2017 20:53:56 UTC] PHP  13. Illuminate\Foundation\Http\Kernel->Illuminate\Foundation\Http\{closure}() /home/ubuntu/workspace/cms/vendor/laravel/framework/src/Illuminate/Routing/Pipeline.php:52
[08-Jul-2017 20:53:56 UTC] PHP  14. Illuminate\Routing\Router->dispatch() /home/ubuntu/workspace/cms/vendor/laravel/framework/src/Illuminate/Foundation/Http/Kernel.php:246
[08-Jul-2017 20:53:56 UTC] PHP  15. Illuminate\Routing\Router->dispatchToRoute() /home/ubuntu/workspace/cms/vendor/laravel/framework/src/Illuminate/Routing/Router.php:675
[08-Jul-2017 20:53:56 UTC] PHP  16. Illuminate\Routing\Router->runRouteWithinStack() /home/ubuntu/workspace/cms/vendor/laravel/framework/src/Illuminate/Routing/Router.php:699
[08-Jul-2017 20:53:56 UTC] PHP  17. Illuminate\Pipeline\Pipeline->then() /home/ubuntu/workspace/cms/vendor/laravel/framework/src/Illuminate/Routing/Router.php:726
[08-Jul-2017 20:53:56 UTC] PHP  18. call_user_func:{/home/ubuntu/workspace/cms/vendor/laravel/framework/src/Illuminate/Pipeline/Pipeline.php:103}() /home/ubuntu/workspace/cms/vendor/laravel/framework/src/Illuminate/Pipeline/Pipeline.php:103
[08-Jul-2017 20:53:56 UTC] PHP  19. Illuminate\Routing\Pipeline->Illuminate\Routing\{closure}() /home/ubuntu/workspace/cms/vendor/laravel/framework/src/Illuminate/Pipeline/Pipeline.php:103
[08-Jul-2017 20:53:56 UTC] PHP  20. call_user_func:{/home/ubuntu/workspace/cms/vendor/laravel/framework/src/Illuminate/Routing/Pipeline.php:32}() /home/ubuntu/workspace/cms/vendor/laravel/framework/src/Illuminate/Routing/Pipeline.php:32
[08-Jul-2017 20:53:56 UTC] PHP  21. Illuminate\Pipeline\Pipeline->Illuminate\Pipeline\{closure}() /home/ubuntu/workspace/cms/vendor/laravel/framework/src/Illuminate/Routing/Pipeline.php:32
[08-Jul-2017 20:53:56 UTC] PHP  22. call_user_func_array:{/home/ubuntu/workspace/cms/vendor/laravel/framework/src/Illuminate/Pipeline/Pipeline.php:136}() /home/ubuntu/workspace/cms/vendor/laravel/framework/src/Illuminate/Pipeline/Pipeline.php:136
[08-Jul-2017 20:53:56 UTC] PHP  23. Illuminate\Cookie\Middleware\EncryptCookies->handle() /home/ubuntu/workspace/cms/vendor/laravel/framework/src/Illuminate/Pipeline/Pipeline.php:136
[08-Jul-2017 20:53:56 UTC] PHP  24. Illuminate\Routing\Pipeline->Illuminate\Routing\{closure}() /home/ubuntu/workspace/cms/vendor/laravel/framework/src/Illuminate/Cookie/Middleware/EncryptCookies.php:59
[08-Jul-2017 20:53:56 UTC] PHP  25. call_user_func:{/home/ubuntu/workspace/cms/vendor/laravel/framework/src/Illuminate/Routing/Pipeline.php:32}() /home/ubuntu/workspace/cms/vendor/laravel/framework/src/Illuminate/Routing/Pipeline.php:32
[08-Jul-2017 20:53:56 UTC] PHP  26. Illuminate\Pipeline\Pipeline->Illuminate\Pipeline\{closure}() /home/ubuntu/workspace/cms/vendor/laravel/framework/src/Illuminate/Routing/Pipeline.php:32
[08-Jul-2017 20:53:56 UTC] PHP  27. call_user_func_array:{/home/ubuntu/workspace/cms/vendor/laravel/framework/src/Illuminate/Pipeline/Pipeline.php:136}() /home/ubuntu/workspace/cms/vendor/laravel/framework/src/Illuminate/Pipeline/Pipeline.php:136
[08-Jul-2017 20:53:56 UTC] PHP  28. Illuminate\Cookie\Middleware\AddQueuedCookiesToResponse->handle() /home/ubuntu/workspace/cms/vendor/laravel/framework/src/Illuminate/Pipeline/Pipeline.php:136
[08-Jul-2017 20:53:56 UTC] PHP  29. Illuminate\Routing\Pipeline->Illuminate\Routing\{closure}() /home/ubuntu/workspace/cms/vendor/laravel/framework/src/Illuminate/Cookie/Middleware/AddQueuedCookiesToResponse.php:37
[08-Jul-2017 20:53:56 UTC] PHP  30. call_user_func:{/home/ubuntu/workspace/cms/vendor/laravel/framework/src/Illuminate/Routing/Pipeline.php:32}() /home/ubuntu/workspace/cms/vendor/laravel/framework/src/Illuminate/Routing/Pipeline.php:32
[08-Jul-2017 20:53:56 UTC] PHP  31. Illuminate\Pipeline\Pipeline->Illuminate\Pipeline\{closure}() /home/ubuntu/workspace/cms/vendor/laravel/framework/src/Illuminate/Routing/Pipeline.php:32
[08-Jul-2017 20:53:56 UTC] PHP  32. call_user_func_array:{/home/ubuntu/workspace/cms/vendor/laravel/framework/src/Illuminate/Pipeline/Pipeline.php:136}() /home/ubuntu/workspace/cms/vendor/laravel/framework/src/Illuminate/Pipeline/Pipeline.php:136
[08-Jul-2017 20:53:56 UTC] PHP  33. Illuminate\Session\Middleware\StartSession->handle() /home/ubuntu/workspace/cms/vendor/laravel/framework/src/Illuminate/Pipeline/Pipeline.php:136
[08-Jul-2017 20:53:56 UTC] PHP  34. Illuminate\Routing\Pipeline->Illuminate\Routing\{closure}() /home/ubuntu/workspace/cms/vendor/laravel/framework/src/Illuminate/Session/Middleware/StartSession.php:64
[08-Jul-2017 20:53:56 UTC] PHP  35. call_user_func:{/home/ubuntu/workspace/cms/vendor/laravel/framework/src/Illuminate/Routing/Pipeline.php:32}() /home/ubuntu/workspace/cms/vendor/laravel/framework/src/Illuminate/Routing/Pipeline.php:32
[08-Jul-2017 20:53:56 UTC] PHP  36. Illuminate\Pipeline\Pipeline->Illuminate\Pipeline\{closure}() /home/ubuntu/workspace/cms/vendor/laravel/framework/src/Illuminate/Routing/Pipeline.php:32
[08-Jul-2017 20:53:56 UTC] PHP  37. call_user_func_array:{/home/ubuntu/workspace/cms/vendor/laravel/framework/src/Illuminate/Pipeline/Pipeline.php:136}() /home/ubuntu/workspace/cms/vendor/laravel/framework/src/Illuminate/Pipeline/Pipeline.php:136
[08-Jul-2017 20:53:56 UTC] PHP  38. Illuminate\View\Middleware\ShareErrorsFromSession->handle() /home/ubuntu/workspace/cms/vendor/laravel/framework/src/Illuminate/Pipeline/Pipeline.php:136
[08-Jul-2017 20:53:56 UTC] PHP  39. Illuminate\Routing\Pipeline->Illuminate\Routing\{closure}() /home/ubuntu/workspace/cms/vendor/laravel/framework/src/Illuminate/View/Middleware/ShareErrorsFromSession.php:49
[08-Jul-2017 20:53:56 UTC] PHP  40. call_user_func:{/home/ubuntu/workspace/cms/vendor/laravel/framework/src/Illuminate/Routing/Pipeline.php:32}() /home/ubuntu/workspace/cms/vendor/laravel/framework/src/Illuminate/Routing/Pipeline.php:32
[08-Jul-2017 20:53:56 UTC] PHP  41. Illuminate\Pipeline\Pipeline->Illuminate\Pipeline\{closure}() /home/ubuntu/workspace/cms/vendor/laravel/framework/src/Illuminate/Routing/Pipeline.php:32
[08-Jul-2017 20:53:56 UTC] PHP  42. call_user_func_array:{/home/ubuntu/workspace/cms/vendor/laravel/framework/src/Illuminate/Pipeline/Pipeline.php:136}() /home/ubuntu/workspace/cms/vendor/laravel/framework/src/Illuminate/Pipeline/Pipeline.php:136
[08-Jul-2017 20:53:56 UTC] PHP  43. Illuminate\Foundation\Http\Middleware\VerifyCsrfToken->handle() /home/ubuntu/workspace/cms/vendor/laravel/framework/src/Illuminate/Pipeline/Pipeline.php:136
[08-Jul-2017 20:53:56 UTC] PHP  44. Illuminate\Routing\Pipeline->Illuminate\Routing\{closure}() /home/ubuntu/workspace/cms/vendor/laravel/framework/src/Illuminate/Foundation/Http/Middleware/VerifyCsrfToken.php:64
[08-Jul-2017 20:53:56 UTC] PHP  45. call_user_func:{/home/ubuntu/workspace/cms/vendor/laravel/framework/src/Illuminate/Routing/Pipeline.php:52}() /home/ubuntu/workspace/cms/vendor/laravel/framework/src/Illuminate/Routing/Pipeline.php:52
[08-Jul-2017 20:53:56 UTC] PHP  46. Illuminate\Routing\Router->Illuminate\Routing\{closure}() /home/ubuntu/workspace/cms/vendor/laravel/framework/src/Illuminate/Routing/Pipeline.php:52
[08-Jul-2017 20:53:56 UTC] PHP  47. Illuminate\Routing\Router->prepareResponse() /home/ubuntu/workspace/cms/vendor/laravel/framework/src/Illuminate/Routing/Router.php:725
[08-Jul-2017 20:53:56 UTC] PHP  48. Symfony\Component\HttpFoundation\Response->__construct() /home/ubuntu/workspace/cms/vendor/laravel/framework/src/Illuminate/Routing/Router.php:1085
[08-Jul-2017 20:53:56 UTC] PHP  49. Illuminate\Http\Response->setContent() /home/ubuntu/workspace/cms/vendor/symfony/http-foundation/Response.php:201
[08-Jul-2017 20:53:56 UTC] PHP  50. Illuminate\View\View->render() /home/ubuntu/workspace/cms/vendor/laravel/framework/src/Illuminate/Http/Response.php:53
[08-Jul-2017 20:53:56 UTC] PHP  51. Illuminate\View\View->renderContents() /home/ubuntu/workspace/cms/vendor/laravel/framework/src/Illuminate/View/View.php:85
[08-Jul-2017 20:53:56 UTC] PHP  52. Illuminate\View\View->getContents() /home/ubuntu/workspace/cms/vendor/laravel/framework/src/Illuminate/View/View.php:120
[08-Jul-2017 20:53:56 UTC] PHP  53. Illuminate\View\Engines\CompilerEngine->get() /home/ubuntu/workspace/cms/vendor/laravel/framework/src/Illuminate/View/View.php:149
[08-Jul-2017 20:53:56 UTC] PHP  54. Illuminate\View\Engines\PhpEngine->evaluatePath() /home/ubuntu/workspace/cms/vendor/laravel/framework/src/Illuminate/View/Engines/CompilerEngine.php:59
[08-Jul-2017 20:53:56 UTC] PHP  55. include() /home/ubuntu/workspace/cms/vendor/laravel/framework/src/Illuminate/View/Engines/PhpEngine.php:42
[08-Jul-2017 20:53:56 UTC] PHP  56. Illuminate\View\View->render() /home/ubuntu/workspace/cms/storage/framework/views/450d54023cac52d243fd0738556fc3139dbf1c5e.php:7
[08-Jul-2017 20:53:56 UTC] PHP  57. Illuminate\View\View->renderContents() /home/ubuntu/workspace/cms/vendor/laravel/framework/src/Illuminate/View/View.php:85
[08-Jul-2017 20:53:56 UTC] PHP  58. Illuminate\View\View->getContents() /home/ubuntu/workspace/cms/vendor/laravel/framework/src/Illuminate/View/View.php:120
[08-Jul-2017 20:53:56 UTC] PHP  59. Illuminate\View\Engines\CompilerEngine->get() /home/ubuntu/workspace/cms/vendor/laravel/framework/src/Illuminate/View/View.php:149
[08-Jul-2017 20:53:56 UTC] PHP  60. Illuminate\View\Engines\PhpEngine->evaluatePath() /home/ubuntu/workspace/cms/vendor/laravel/framework/src/Illuminate/View/Engines/CompilerEngine.php:59
[08-Jul-2017 20:54:54 UTC] PHP Warning:  The use statement with non-compound name 'App짜Books' has no effect in /home/ubuntu/workspace/cms/app/Http/routes.php on line 14
[08-Jul-2017 20:54:54 UTC] PHP Stack trace:
[08-Jul-2017 20:54:54 UTC] PHP   1. {main}() /home/ubuntu/workspace/cms/public/index.php:0
[08-Jul-2017 20:54:54 UTC] PHP   2. Illuminate\Foundation\Http\Kernel->handle() /home/ubuntu/workspace/cms/public/index.php:54
[08-Jul-2017 20:54:54 UTC] PHP   3. Illuminate\Foundation\Http\Kernel->sendRequestThroughRouter() /home/ubuntu/workspace/cms/vendor/laravel/framework/src/Illuminate/Foundation/Http/Kernel.php:99
[08-Jul-2017 20:54:54 UTC] PHP   4. Illuminate\Foundation\Http\Kernel->bootstrap() /home/ubuntu/workspace/cms/vendor/laravel/framework/src/Illuminate/Foundation/Http/Kernel.php:127
[08-Jul-2017 20:54:54 UTC] PHP   5. Illuminate\Foundation\Application->bootstrapWith() /home/ubuntu/workspace/cms/vendor/laravel/framework/src/Illuminate/Foundation/Http/Kernel.php:232
[08-Jul-2017 20:54:54 UTC] PHP   6. Illuminate\Foundation\Bootstrap\BootProviders->bootstrap() /home/ubuntu/workspace/cms/vendor/laravel/framework/src/Illuminate/Foundation/Application.php:203
[08-Jul-2017 20:54:54 UTC] PHP   7. Illuminate\Foundation\Application->boot() /home/ubuntu/workspace/cms/vendor/laravel/framework/src/Illuminate/Foundation/Bootstrap/BootProviders.php:17
[08-Jul-2017 20:54:54 UTC] PHP   8. array_walk() /home/ubuntu/workspace/cms/vendor/laravel/framework/src/Illuminate/Foundation/Application.php:741
[08-Jul-2017 20:54:54 UTC] PHP   9. Illuminate\Foundation\Application->Illuminate\Foundation\{closure}() /home/ubuntu/workspace/cms/vendor/laravel/framework/src/Illuminate/Foundation/Application.php:741
[08-Jul-2017 20:54:54 UTC] PHP  10. Illuminate\Foundation\Application->bootProvider() /home/ubuntu/workspace/cms/vendor/laravel/framework/src/Illuminate/Foundation/Application.php:740
[08-Jul-2017 20:54:54 UTC] PHP  11. Illuminate\Container\Container->call() /home/ubuntu/workspace/cms/vendor/laravel/framework/src/Illuminate/Foundation/Application.php:757
[08-Jul-2017 20:54:54 UTC] PHP  12. call_user_func_array:{/home/ubuntu/workspace/cms/vendor/laravel/framework/src/Illuminate/Container/Container.php:507}() /home/ubuntu/workspace/cms/vendor/laravel/framework/src/Illuminate/Container/Container.php:507
[08-Jul-2017 20:54:54 UTC] PHP  13. App\Providers\RouteServiceProvider->boot() /home/ubuntu/workspace/cms/vendor/laravel/framework/src/Illuminate/Container/Container.php:507
[08-Jul-2017 20:54:54 UTC] PHP  14. Illuminate\Foundation\Support\Providers\RouteServiceProvider->boot() /home/ubuntu/workspace/cms/app/Providers/RouteServiceProvider.php:29
[08-Jul-2017 20:54:54 UTC] PHP  15. Illuminate\Foundation\Support\Providers\RouteServiceProvider->loadRoutes() /home/ubuntu/workspace/cms/vendor/laravel/framework/src/Illuminate/Foundation/Support/Providers/RouteServiceProvider.php:31
[08-Jul-2017 20:54:54 UTC] PHP  16. Illuminate\Container\Container->call() /home/ubuntu/workspace/cms/vendor/laravel/framework/src/Illuminate/Foundation/Support/Providers/RouteServiceProvider.php:72
[08-Jul-2017 20:54:54 UTC] PHP  17. call_user_func_array:{/home/ubuntu/workspace/cms/vendor/laravel/framework/src/Illuminate/Container/Container.php:507}() /home/ubuntu/workspace/cms/vendor/laravel/framework/src/Illuminate/Container/Container.php:507
[08-Jul-2017 20:54:54 UTC] PHP  18. App\Providers\RouteServiceProvider->map() /home/ubuntu/workspace/cms/vendor/laravel/framework/src/Illuminate/Container/Container.php:507
[08-Jul-2017 20:54:54 UTC] PHP  19. App\Providers\RouteServiceProvider->mapWebRoutes() /home/ubuntu/workspace/cms/app/Providers/RouteServiceProvider.php:40
[08-Jul-2017 20:54:54 UTC] PHP  20. Illuminate\Routing\Router->group() /home/ubuntu/workspace/cms/app/Providers/RouteServiceProvider.php:59
[08-Jul-2017 20:54:54 UTC] PHP  21. call_user_func:{/home/ubuntu/workspace/cms/vendor/laravel/framework/src/Illuminate/Routing/Router.php:398}() /home/ubuntu/workspace/cms/vendor/laravel/framework/src/Illuminate/Routing/Router.php:398
[08-Jul-2017 20:54:54 UTC] PHP  22. App\Providers\RouteServiceProvider->App\Providers\{closure}() /home/ubuntu/workspace/cms/vendor/laravel/framework/src/Illuminate/Routing/Router.php:398
[08-Jul-2017 20:54:54 UTC] PHP Warning:  The use statement with non-compound name 'Illuminate짜Request' has no effect in /home/ubuntu/workspace/cms/app/Http/routes.php on line 15
[08-Jul-2017 20:54:54 UTC] PHP Stack trace:
[08-Jul-2017 20:54:54 UTC] PHP   1. {main}() /home/ubuntu/workspace/cms/public/index.php:0
[08-Jul-2017 20:54:54 UTC] PHP   2. Illuminate\Foundation\Http\Kernel->handle() /home/ubuntu/workspace/cms/public/index.php:54
[08-Jul-2017 20:54:54 UTC] PHP   3. Illuminate\Foundation\Http\Kernel->sendRequestThroughRouter() /home/ubuntu/workspace/cms/vendor/laravel/framework/src/Illuminate/Foundation/Http/Kernel.php:99
[08-Jul-2017 20:54:54 UTC] PHP   4. Illuminate\Foundation\Http\Kernel->bootstrap() /home/ubuntu/workspace/cms/vendor/laravel/framework/src/Illuminate/Foundation/Http/Kernel.php:127
[08-Jul-2017 20:54:54 UTC] PHP   5. Illuminate\Foundation\Application->bootstrapWith() /home/ubuntu/workspace/cms/vendor/laravel/framework/src/Illuminate/Foundation/Http/Kernel.php:232
[08-Jul-2017 20:54:54 UTC] PHP   6. Illuminate\Foundation\Bootstrap\BootProviders->bootstrap() /home/ubuntu/workspace/cms/vendor/laravel/framework/src/Illuminate/Foundation/Application.php:203
[08-Jul-2017 20:54:54 UTC] PHP   7. Illuminate\Foundation\Application->boot() /home/ubuntu/workspace/cms/vendor/laravel/framework/src/Illuminate/Foundation/Bootstrap/BootProviders.php:17
[08-Jul-2017 20:54:54 UTC] PHP   8. array_walk() /home/ubuntu/workspace/cms/vendor/laravel/framework/src/Illuminate/Foundation/Application.php:741
[08-Jul-2017 20:54:54 UTC] PHP   9. Illuminate\Foundation\Application->Illuminate\Foundation\{closure}() /home/ubuntu/workspace/cms/vendor/laravel/framework/src/Illuminate/Foundation/Application.php:741
[08-Jul-2017 20:54:54 UTC] PHP  10. Illuminate\Foundation\Application->bootProvider() /home/ubuntu/workspace/cms/vendor/laravel/framework/src/Illuminate/Foundation/Application.php:740
[08-Jul-2017 20:54:54 UTC] PHP  11. Illuminate\Container\Container->call() /home/ubuntu/workspace/cms/vendor/laravel/framework/src/Illuminate/Foundation/Application.php:757
[08-Jul-2017 20:54:54 UTC] PHP  12. call_user_func_array:{/home/ubuntu/workspace/cms/vendor/laravel/framework/src/Illuminate/Container/Container.php:507}() /home/ubuntu/workspace/cms/vendor/laravel/framework/src/Illuminate/Container/Container.php:507
[08-Jul-2017 20:54:54 UTC] PHP  13. App\Providers\RouteServiceProvider->boot() /home/ubuntu/workspace/cms/vendor/laravel/framework/src/Illuminate/Container/Container.php:507
[08-Jul-2017 20:54:54 UTC] PHP  14. Illuminate\Foundation\Support\Providers\RouteServiceProvider->boot() /home/ubuntu/workspace/cms/app/Providers/RouteServiceProvider.php:29
[08-Jul-2017 20:54:54 UTC] PHP  15. Illuminate\Foundation\Support\Providers\RouteServiceProvider->loadRoutes() /home/ubuntu/workspace/cms/vendor/laravel/framework/src/Illuminate/Foundation/Support/Providers/RouteServiceProvider.php:31
[08-Jul-2017 20:54:54 UTC] PHP  16. Illuminate\Container\Container->call() /home/ubuntu/workspace/cms/vendor/laravel/framework/src/Illuminate/Foundation/Support/Providers/RouteServiceProvider.php:72
[08-Jul-2017 20:54:54 UTC] PHP  17. call_user_func_array:{/home/ubuntu/workspace/cms/vendor/laravel/framework/src/Illuminate/Container/Container.php:507}() /home/ubuntu/workspace/cms/vendor/laravel/framework/src/Illuminate/Container/Container.php:507
[08-Jul-2017 20:54:54 UTC] PHP  18. App\Providers\RouteServiceProvider->map() /home/ubuntu/workspace/cms/vendor/laravel/framework/src/Illuminate/Container/Container.php:507
[08-Jul-2017 20:54:54 UTC] PHP  19. App\Providers\RouteServiceProvider->mapWebRoutes() /home/ubuntu/workspace/cms/app/Providers/RouteServiceProvider.php:40
[08-Jul-2017 20:54:54 UTC] PHP  20. Illuminate\Routing\Router->group() /home/ubuntu/workspace/cms/app/Providers/RouteServiceProvider.php:59
[08-Jul-2017 20:54:54 UTC] PHP  21. call_user_func:{/home/ubuntu/workspace/cms/vendor/laravel/framework/src/Illuminate/Routing/Router.php:398}() /home/ubuntu/workspace/cms/vendor/laravel/framework/src/Illuminate/Routing/Router.php:398
[08-Jul-2017 20:54:54 UTC] PHP  22. App\Providers\RouteServiceProvider->App\Providers\{closure}() /home/ubuntu/workspace/cms/vendor/laravel/framework/src/Illuminate/Routing/Router.php:398
[08-Jul-2017 20:54:54 UTC] PHP Parse error:  syntax error, unexpected end of file in /home/ubuntu/workspace/cms/storage/framework/views/da1e52584e90d563bf0773a5fc71076c5286ea9b.php on line 15
[08-Jul-2017 20:54:54 UTC] PHP Stack trace:
[08-Jul-2017 20:54:54 UTC] PHP   1. {main}() /home/ubuntu/workspace/cms/public/index.php:0
[08-Jul-2017 20:54:54 UTC] PHP   2. Illuminate\Foundation\Http\Kernel->handle() /home/ubuntu/workspace/cms/public/index.php:54
[08-Jul-2017 20:54:54 UTC] PHP   3. Illuminate\Foundation\Http\Kernel->sendRequestThroughRouter() /home/ubuntu/workspace/cms/vendor/laravel/framework/src/Illuminate/Foundation/Http/Kernel.php:99
[08-Jul-2017 20:54:54 UTC] PHP   4. Illuminate\Pipeline\Pipeline->then() /home/ubuntu/workspace/cms/vendor/laravel/framework/src/Illuminate/Foundation/Http/Kernel.php:132
[08-Jul-2017 20:54:54 UTC] PHP   5. call_user_func:{/home/ubuntu/workspace/cms/vendor/laravel/framework/src/Illuminate/Pipeline/Pipeline.php:103}() /home/ubuntu/workspace/cms/vendor/laravel/framework/src/Illuminate/Pipeline/Pipeline.php:103
[08-Jul-2017 20:54:54 UTC] PHP   6. Illuminate\Routing\Pipeline->Illuminate\Routing\{closure}() /home/ubuntu/workspace/cms/vendor/laravel/framework/src/Illuminate/Pipeline/Pipeline.php:103
[08-Jul-2017 20:54:54 UTC] PHP   7. call_user_func:{/home/ubuntu/workspace/cms/vendor/laravel/framework/src/Illuminate/Routing/Pipeline.php:32}() /home/ubuntu/workspace/cms/vendor/laravel/framework/src/Illuminate/Routing/Pipeline.php:32
[08-Jul-2017 20:54:54 UTC] PHP   8. Illuminate\Pipeline\Pipeline->Illuminate\Pipeline\{closure}() /home/ubuntu/workspace/cms/vendor/laravel/framework/src/Illuminate/Routing/Pipeline.php:32
[08-Jul-2017 20:54:54 UTC] PHP   9. call_user_func_array:{/home/ubuntu/workspace/cms/vendor/laravel/framework/src/Illuminate/Pipeline/Pipeline.php:136}() /home/ubuntu/workspace/cms/vendor/laravel/framework/src/Illuminate/Pipeline/Pipeline.php:136
[08-Jul-2017 20:54:54 UTC] PHP  10. Illuminate\Foundation\Http\Middleware\CheckForMaintenanceMode->handle() /home/ubuntu/workspace/cms/vendor/laravel/framework/src/Illuminate/Pipeline/Pipeline.php:136
[08-Jul-2017 20:54:54 UTC] PHP  11. Illuminate\Routing\Pipeline->Illuminate\Routing\{closure}() /home/ubuntu/workspace/cms/vendor/laravel/framework/src/Illuminate/Foundation/Http/Middleware/CheckForMaintenanceMode.php:44
[08-Jul-2017 20:54:54 UTC] PHP  12. call_user_func:{/home/ubuntu/workspace/cms/vendor/laravel/framework/src/Illuminate/Routing/Pipeline.php:52}() /home/ubuntu/workspace/cms/vendor/laravel/framework/src/Illuminate/Routing/Pipeline.php:52
[08-Jul-2017 20:54:54 UTC] PHP  13. Illuminate\Foundation\Http\Kernel->Illuminate\Foundation\Http\{closure}() /home/ubuntu/workspace/cms/vendor/laravel/framework/src/Illuminate/Routing/Pipeline.php:52
[08-Jul-2017 20:54:54 UTC] PHP  14. Illuminate\Routing\Router->dispatch() /home/ubuntu/workspace/cms/vendor/laravel/framework/src/Illuminate/Foundation/Http/Kernel.php:246
[08-Jul-2017 20:54:54 UTC] PHP  15. Illuminate\Routing\Router->dispatchToRoute() /home/ubuntu/workspace/cms/vendor/laravel/framework/src/Illuminate/Routing/Router.php:675
[08-Jul-2017 20:54:54 UTC] PHP  16. Illuminate\Routing\Router->runRouteWithinStack() /home/ubuntu/workspace/cms/vendor/laravel/framework/src/Illuminate/Routing/Router.php:699
[08-Jul-2017 20:54:54 UTC] PHP  17. Illuminate\Pipeline\Pipeline->then() /home/ubuntu/workspace/cms/vendor/laravel/framework/src/Illuminate/Routing/Router.php:726
[08-Jul-2017 20:54:54 UTC] PHP  18. call_user_func:{/home/ubuntu/workspace/cms/vendor/laravel/framework/src/Illuminate/Pipeline/Pipeline.php:103}() /home/ubuntu/workspace/cms/vendor/laravel/framework/src/Illuminate/Pipeline/Pipeline.php:103
[08-Jul-2017 20:54:54 UTC] PHP  19. Illuminate\Routing\Pipeline->Illuminate\Routing\{closure}() /home/ubuntu/workspace/cms/vendor/laravel/framework/src/Illuminate/Pipeline/Pipeline.php:103
[08-Jul-2017 20:54:54 UTC] PHP  20. call_user_func:{/home/ubuntu/workspace/cms/vendor/laravel/framework/src/Illuminate/Routing/Pipeline.php:32}() /home/ubuntu/workspace/cms/vendor/laravel/framework/src/Illuminate/Routing/Pipeline.php:32
[08-Jul-2017 20:54:54 UTC] PHP  21. Illuminate\Pipeline\Pipeline->Illuminate\Pipeline\{closure}() /home/ubuntu/workspace/cms/vendor/laravel/framework/src/Illuminate/Routing/Pipeline.php:32
[08-Jul-2017 20:54:54 UTC] PHP  22. call_user_func_array:{/home/ubuntu/workspace/cms/vendor/laravel/framework/src/Illuminate/Pipeline/Pipeline.php:136}() /home/ubuntu/workspace/cms/vendor/laravel/framework/src/Illuminate/Pipeline/Pipeline.php:136
[08-Jul-2017 20:54:54 UTC] PHP  23. Illuminate\Cookie\Middleware\EncryptCookies->handle() /home/ubuntu/workspace/cms/vendor/laravel/framework/src/Illuminate/Pipeline/Pipeline.php:136
[08-Jul-2017 20:54:54 UTC] PHP  24. Illuminate\Routing\Pipeline->Illuminate\Routing\{closure}() /home/ubuntu/workspace/cms/vendor/laravel/framework/src/Illuminate/Cookie/Middleware/EncryptCookies.php:59
[08-Jul-2017 20:54:54 UTC] PHP  25. call_user_func:{/home/ubuntu/workspace/cms/vendor/laravel/framework/src/Illuminate/Routing/Pipeline.php:32}() /home/ubuntu/workspace/cms/vendor/laravel/framework/src/Illuminate/Routing/Pipeline.php:32
[08-Jul-2017 20:54:54 UTC] PHP  26. Illuminate\Pipeline\Pipeline->Illuminate\Pipeline\{closure}() /home/ubuntu/workspace/cms/vendor/laravel/framework/src/Illuminate/Routing/Pipeline.php:32
[08-Jul-2017 20:54:54 UTC] PHP  27. call_user_func_array:{/home/ubuntu/workspace/cms/vendor/laravel/framework/src/Illuminate/Pipeline/Pipeline.php:136}() /home/ubuntu/workspace/cms/vendor/laravel/framework/src/Illuminate/Pipeline/Pipeline.php:136
[08-Jul-2017 20:54:54 UTC] PHP  28. Illuminate\Cookie\Middleware\AddQueuedCookiesToResponse->handle() /home/ubuntu/workspace/cms/vendor/laravel/framework/src/Illuminate/Pipeline/Pipeline.php:136
[08-Jul-2017 20:54:54 UTC] PHP  29. Illuminate\Routing\Pipeline->Illuminate\Routing\{closure}() /home/ubuntu/workspace/cms/vendor/laravel/framework/src/Illuminate/Cookie/Middleware/AddQueuedCookiesToResponse.php:37
[08-Jul-2017 20:54:54 UTC] PHP  30. call_user_func:{/home/ubuntu/workspace/cms/vendor/laravel/framework/src/Illuminate/Routing/Pipeline.php:32}() /home/ubuntu/workspace/cms/vendor/laravel/framework/src/Illuminate/Routing/Pipeline.php:32
[08-Jul-2017 20:54:54 UTC] PHP  31. Illuminate\Pipeline\Pipeline->Illuminate\Pipeline\{closure}() /home/ubuntu/workspace/cms/vendor/laravel/framework/src/Illuminate/Routing/Pipeline.php:32
[08-Jul-2017 20:54:54 UTC] PHP  32. call_user_func_array:{/home/ubuntu/workspace/cms/vendor/laravel/framework/src/Illuminate/Pipeline/Pipeline.php:136}() /home/ubuntu/workspace/cms/vendor/laravel/framework/src/Illuminate/Pipeline/Pipeline.php:136
[08-Jul-2017 20:54:54 UTC] PHP  33. Illuminate\Session\Middleware\StartSession->handle() /home/ubuntu/workspace/cms/vendor/laravel/framework/src/Illuminate/Pipeline/Pipeline.php:136
[08-Jul-2017 20:54:54 UTC] PHP  34. Illuminate\Routing\Pipeline->Illuminate\Routing\{closure}() /home/ubuntu/workspace/cms/vendor/laravel/framework/src/Illuminate/Session/Middleware/StartSession.php:64
[08-Jul-2017 20:54:54 UTC] PHP  35. call_user_func:{/home/ubuntu/workspace/cms/vendor/laravel/framework/src/Illuminate/Routing/Pipeline.php:32}() /home/ubuntu/workspace/cms/vendor/laravel/framework/src/Illuminate/Routing/Pipeline.php:32
[08-Jul-2017 20:54:54 UTC] PHP  36. Illuminate\Pipeline\Pipeline->Illuminate\Pipeline\{closure}() /home/ubuntu/workspace/cms/vendor/laravel/framework/src/Illuminate/Routing/Pipeline.php:32
[08-Jul-2017 20:54:54 UTC] PHP  37. call_user_func_array:{/home/ubuntu/workspace/cms/vendor/laravel/framework/src/Illuminate/Pipeline/Pipeline.php:136}() /home/ubuntu/workspace/cms/vendor/laravel/framework/src/Illuminate/Pipeline/Pipeline.php:136
[08-Jul-2017 20:54:54 UTC] PHP  38. Illuminate\View\Middleware\ShareErrorsFromSession->handle() /home/ubuntu/workspace/cms/vendor/laravel/framework/src/Illuminate/Pipeline/Pipeline.php:136
[08-Jul-2017 20:54:54 UTC] PHP  39. Illuminate\Routing\Pipeline->Illuminate\Routing\{closure}() /home/ubuntu/workspace/cms/vendor/laravel/framework/src/Illuminate/View/Middleware/ShareErrorsFromSession.php:49
[08-Jul-2017 20:54:54 UTC] PHP  40. call_user_func:{/home/ubuntu/workspace/cms/vendor/laravel/framework/src/Illuminate/Routing/Pipeline.php:32}() /home/ubuntu/workspace/cms/vendor/laravel/framework/src/Illuminate/Routing/Pipeline.php:32
[08-Jul-2017 20:54:54 UTC] PHP  41. Illuminate\Pipeline\Pipeline->Illuminate\Pipeline\{closure}() /home/ubuntu/workspace/cms/vendor/laravel/framework/src/Illuminate/Routing/Pipeline.php:32
[08-Jul-2017 20:54:54 UTC] PHP  42. call_user_func_array:{/home/ubuntu/workspace/cms/vendor/laravel/framework/src/Illuminate/Pipeline/Pipeline.php:136}() /home/ubuntu/workspace/cms/vendor/laravel/framework/src/Illuminate/Pipeline/Pipeline.php:136
[08-Jul-2017 20:54:54 UTC] PHP  43. Illuminate\Foundation\Http\Middleware\VerifyCsrfToken->handle() /home/ubuntu/workspace/cms/vendor/laravel/framework/src/Illuminate/Pipeline/Pipeline.php:136
[08-Jul-2017 20:54:54 UTC] PHP  44. Illuminate\Routing\Pipeline->Illuminate\Routing\{closure}() /home/ubuntu/workspace/cms/vendor/laravel/framework/src/Illuminate/Foundation/Http/Middleware/VerifyCsrfToken.php:64
[08-Jul-2017 20:54:54 UTC] PHP  45. call_user_func:{/home/ubuntu/workspace/cms/vendor/laravel/framework/src/Illuminate/Routing/Pipeline.php:52}() /home/ubuntu/workspace/cms/vendor/laravel/framework/src/Illuminate/Routing/Pipeline.php:52
[08-Jul-2017 20:54:54 UTC] PHP  46. Illuminate\Routing\Router->Illuminate\Routing\{closure}() /home/ubuntu/workspace/cms/vendor/laravel/framework/src/Illuminate/Routing/Pipeline.php:52
[08-Jul-2017 20:54:54 UTC] PHP  47. Illuminate\Routing\Router->prepareResponse() /home/ubuntu/workspace/cms/vendor/laravel/framework/src/Illuminate/Routing/Router.php:725
[08-Jul-2017 20:54:54 UTC] PHP  48. Symfony\Component\HttpFoundation\Response->__construct() /home/ubuntu/workspace/cms/vendor/laravel/framework/src/Illuminate/Routing/Router.php:1085
[08-Jul-2017 20:54:54 UTC] PHP  49. Illuminate\Http\Response->setContent() /home/ubuntu/workspace/cms/vendor/symfony/http-foundation/Response.php:201
[08-Jul-2017 20:54:54 UTC] PHP  50. Illuminate\View\View->render() /home/ubuntu/workspace/cms/vendor/laravel/framework/src/Illuminate/Http/Response.php:53
[08-Jul-2017 20:54:54 UTC] PHP  51. Illuminate\View\View->renderContents() /home/ubuntu/workspace/cms/vendor/laravel/framework/src/Illuminate/View/View.php:85
[08-Jul-2017 20:54:54 UTC] PHP  52. Illuminate\View\View->getContents() /home/ubuntu/workspace/cms/vendor/laravel/framework/src/Illuminate/View/View.php:120
[08-Jul-2017 20:54:54 UTC] PHP  53. Illuminate\View\Engines\CompilerEngine->get() /home/ubuntu/workspace/cms/vendor/laravel/framework/src/Illuminate/View/View.php:149
[08-Jul-2017 20:54:54 UTC] PHP  54. Illuminate\View\Engines\PhpEngine->evaluatePath() /home/ubuntu/workspace/cms/vendor/laravel/framework/src/Illuminate/View/Engines/CompilerEngine.php:59
[08-Jul-2017 20:54:54 UTC] PHP  55. include() /home/ubuntu/workspace/cms/vendor/laravel/framework/src/Illuminate/View/Engines/PhpEngine.php:42
[08-Jul-2017 20:54:54 UTC] PHP  56. Illuminate\View\View->render() /home/ubuntu/workspace/cms/storage/framework/views/450d54023cac52d243fd0738556fc3139dbf1c5e.php:7
[08-Jul-2017 20:54:54 UTC] PHP  57. Illuminate\View\View->renderContents() /home/ubuntu/workspace/cms/vendor/laravel/framework/src/Illuminate/View/View.php:85
[08-Jul-2017 20:54:54 UTC] PHP  58. Illuminate\View\View->getContents() /home/ubuntu/workspace/cms/vendor/laravel/framework/src/Illuminate/View/View.php:120
[08-Jul-2017 20:54:54 UTC] PHP  59. Illuminate\View\Engines\CompilerEngine->get() /home/ubuntu/workspace/cms/vendor/laravel/framework/src/Illuminate/View/View.php:149
[08-Jul-2017 20:54:54 UTC] PHP  60. Illuminate\View\Engines\PhpEngine->evaluatePath() /home/ubuntu/workspace/cms/vendor/laravel/framework/src/Illuminate/View/Engines/CompilerEngine.php:59
[08-Jul-2017 21:12:46 UTC] PHP Parse error:  syntax error, unexpected end of file in /home/ubuntu/workspace/cms/storage/framework/views/da1e52584e90d563bf0773a5fc71076c5286ea9b.php on line 15
[08-Jul-2017 21:12:46 UTC] PHP Stack trace:
[08-Jul-2017 21:12:46 UTC] PHP   1. {main}() /home/ubuntu/workspace/cms/public/index.php:0
[08-Jul-2017 21:12:46 UTC] PHP   2. Illuminate\Foundation\Http\Kernel->handle() /home/ubuntu/workspace/cms/public/index.php:54
[08-Jul-2017 21:12:46 UTC] PHP   3. Illuminate\Foundation\Http\Kernel->sendRequestThroughRouter() /home/ubuntu/workspace/cms/vendor/laravel/framework/src/Illuminate/Foundation/Http/Kernel.php:99
[08-Jul-2017 21:12:46 UTC] PHP   4. Illuminate\Pipeline\Pipeline->then() /home/ubuntu/workspace/cms/vendor/laravel/framework/src/Illuminate/Foundation/Http/Kernel.php:132
[08-Jul-2017 21:12:46 UTC] PHP   5. call_user_func:{/home/ubuntu/workspace/cms/vendor/laravel/framework/src/Illuminate/Pipeline/Pipeline.php:103}() /home/ubuntu/workspace/cms/vendor/laravel/framework/src/Illuminate/Pipeline/Pipeline.php:103
[08-Jul-2017 21:12:46 UTC] PHP   6. Illuminate\Routing\Pipeline->Illuminate\Routing\{closure}() /home/ubuntu/workspace/cms/vendor/laravel/framework/src/Illuminate/Pipeline/Pipeline.php:103
[08-Jul-2017 21:12:46 UTC] PHP   7. call_user_func:{/home/ubuntu/workspace/cms/vendor/laravel/framework/src/Illuminate/Routing/Pipeline.php:32}() /home/ubuntu/workspace/cms/vendor/laravel/framework/src/Illuminate/Routing/Pipeline.php:32
[08-Jul-2017 21:12:46 UTC] PHP   8. Illuminate\Pipeline\Pipeline->Illuminate\Pipeline\{closure}() /home/ubuntu/workspace/cms/vendor/laravel/framework/src/Illuminate/Routing/Pipeline.php:32
[08-Jul-2017 21:12:46 UTC] PHP   9. call_user_func_array:{/home/ubuntu/workspace/cms/vendor/laravel/framework/src/Illuminate/Pipeline/Pipeline.php:136}() /home/ubuntu/workspace/cms/vendor/laravel/framework/src/Illuminate/Pipeline/Pipeline.php:136
[08-Jul-2017 21:12:46 UTC] PHP  10. Illuminate\Foundation\Http\Middleware\CheckForMaintenanceMode->handle() /home/ubuntu/workspace/cms/vendor/laravel/framework/src/Illuminate/Pipeline/Pipeline.php:136
[08-Jul-2017 21:12:46 UTC] PHP  11. Illuminate\Routing\Pipeline->Illuminate\Routing\{closure}() /home/ubuntu/workspace/cms/vendor/laravel/framework/src/Illuminate/Foundation/Http/Middleware/CheckForMaintenanceMode.php:44
[08-Jul-2017 21:12:46 UTC] PHP  12. call_user_func:{/home/ubuntu/workspace/cms/vendor/laravel/framework/src/Illuminate/Routing/Pipeline.php:52}() /home/ubuntu/workspace/cms/vendor/laravel/framework/src/Illuminate/Routing/Pipeline.php:52
[08-Jul-2017 21:12:46 UTC] PHP  13. Illuminate\Foundation\Http\Kernel->Illuminate\Foundation\Http\{closure}() /home/ubuntu/workspace/cms/vendor/laravel/framework/src/Illuminate/Routing/Pipeline.php:52
[08-Jul-2017 21:12:46 UTC] PHP  14. Illuminate\Routing\Router->dispatch() /home/ubuntu/workspace/cms/vendor/laravel/framework/src/Illuminate/Foundation/Http/Kernel.php:246
[08-Jul-2017 21:12:46 UTC] PHP  15. Illuminate\Routing\Router->dispatchToRoute() /home/ubuntu/workspace/cms/vendor/laravel/framework/src/Illuminate/Routing/Router.php:675
[08-Jul-2017 21:12:46 UTC] PHP  16. Illuminate\Routing\Router->runRouteWithinStack() /home/ubuntu/workspace/cms/vendor/laravel/framework/src/Illuminate/Routing/Router.php:699
[08-Jul-2017 21:12:46 UTC] PHP  17. Illuminate\Pipeline\Pipeline->then() /home/ubuntu/workspace/cms/vendor/laravel/framework/src/Illuminate/Routing/Router.php:726
[08-Jul-2017 21:12:46 UTC] PHP  18. call_user_func:{/home/ubuntu/workspace/cms/vendor/laravel/framework/src/Illuminate/Pipeline/Pipeline.php:103}() /home/ubuntu/workspace/cms/vendor/laravel/framework/src/Illuminate/Pipeline/Pipeline.php:103
[08-Jul-2017 21:12:46 UTC] PHP  19. Illuminate\Routing\Pipeline->Illuminate\Routing\{closure}() /home/ubuntu/workspace/cms/vendor/laravel/framework/src/Illuminate/Pipeline/Pipeline.php:103
[08-Jul-2017 21:12:46 UTC] PHP  20. call_user_func:{/home/ubuntu/workspace/cms/vendor/laravel/framework/src/Illuminate/Routing/Pipeline.php:32}() /home/ubuntu/workspace/cms/vendor/laravel/framework/src/Illuminate/Routing/Pipeline.php:32
[08-Jul-2017 21:12:46 UTC] PHP  21. Illuminate\Pipeline\Pipeline->Illuminate\Pipeline\{closure}() /home/ubuntu/workspace/cms/vendor/laravel/framework/src/Illuminate/Routing/Pipeline.php:32
[08-Jul-2017 21:12:46 UTC] PHP  22. call_user_func_array:{/home/ubuntu/workspace/cms/vendor/laravel/framework/src/Illuminate/Pipeline/Pipeline.php:136}() /home/ubuntu/workspace/cms/vendor/laravel/framework/src/Illuminate/Pipeline/Pipeline.php:136
[08-Jul-2017 21:12:46 UTC] PHP  23. Illuminate\Cookie\Middleware\EncryptCookies->handle() /home/ubuntu/workspace/cms/vendor/laravel/framework/src/Illuminate/Pipeline/Pipeline.php:136
[08-Jul-2017 21:12:46 UTC] PHP  24. Illuminate\Routing\Pipeline->Illuminate\Routing\{closure}() /home/ubuntu/workspace/cms/vendor/laravel/framework/src/Illuminate/Cookie/Middleware/EncryptCookies.php:59
[08-Jul-2017 21:12:46 UTC] PHP  25. call_user_func:{/home/ubuntu/workspace/cms/vendor/laravel/framework/src/Illuminate/Routing/Pipeline.php:32}() /home/ubuntu/workspace/cms/vendor/laravel/framework/src/Illuminate/Routing/Pipeline.php:32
[08-Jul-2017 21:12:46 UTC] PHP  26. Illuminate\Pipeline\Pipeline->Illuminate\Pipeline\{closure}() /home/ubuntu/workspace/cms/vendor/laravel/framework/src/Illuminate/Routing/Pipeline.php:32
[08-Jul-2017 21:12:46 UTC] PHP  27. call_user_func_array:{/home/ubuntu/workspace/cms/vendor/laravel/framework/src/Illuminate/Pipeline/Pipeline.php:136}() /home/ubuntu/workspace/cms/vendor/laravel/framework/src/Illuminate/Pipeline/Pipeline.php:136
[08-Jul-2017 21:12:46 UTC] PHP  28. Illuminate\Cookie\Middleware\AddQueuedCookiesToResponse->handle() /home/ubuntu/workspace/cms/vendor/laravel/framework/src/Illuminate/Pipeline/Pipeline.php:136
[08-Jul-2017 21:12:46 UTC] PHP  29. Illuminate\Routing\Pipeline->Illuminate\Routing\{closure}() /home/ubuntu/workspace/cms/vendor/laravel/framework/src/Illuminate/Cookie/Middleware/AddQueuedCookiesToResponse.php:37
[08-Jul-2017 21:12:46 UTC] PHP  30. call_user_func:{/home/ubuntu/workspace/cms/vendor/laravel/framework/src/Illuminate/Routing/Pipeline.php:32}() /home/ubuntu/workspace/cms/vendor/laravel/framework/src/Illuminate/Routing/Pipeline.php:32
[08-Jul-2017 21:12:46 UTC] PHP  31. Illuminate\Pipeline\Pipeline->Illuminate\Pipeline\{closure}() /home/ubuntu/workspace/cms/vendor/laravel/framework/src/Illuminate/Routing/Pipeline.php:32
[08-Jul-2017 21:12:46 UTC] PHP  32. call_user_func_array:{/home/ubuntu/workspace/cms/vendor/laravel/framework/src/Illuminate/Pipeline/Pipeline.php:136}() /home/ubuntu/workspace/cms/vendor/laravel/framework/src/Illuminate/Pipeline/Pipeline.php:136
[08-Jul-2017 21:12:46 UTC] PHP  33. Illuminate\Session\Middleware\StartSession->handle() /home/ubuntu/workspace/cms/vendor/laravel/framework/src/Illuminate/Pipeline/Pipeline.php:136
[08-Jul-2017 21:12:46 UTC] PHP  34. Illuminate\Routing\Pipeline->Illuminate\Routing\{closure}() /home/ubuntu/workspace/cms/vendor/laravel/framework/src/Illuminate/Session/Middleware/StartSession.php:64
[08-Jul-2017 21:12:46 UTC] PHP  35. call_user_func:{/home/ubuntu/workspace/cms/vendor/laravel/framework/src/Illuminate/Routing/Pipeline.php:32}() /home/ubuntu/workspace/cms/vendor/laravel/framework/src/Illuminate/Routing/Pipeline.php:32
[08-Jul-2017 21:12:46 UTC] PHP  36. Illuminate\Pipeline\Pipeline->Illuminate\Pipeline\{closure}() /home/ubuntu/workspace/cms/vendor/laravel/framework/src/Illuminate/Routing/Pipeline.php:32
[08-Jul-2017 21:12:46 UTC] PHP  37. call_user_func_array:{/home/ubuntu/workspace/cms/vendor/laravel/framework/src/Illuminate/Pipeline/Pipeline.php:136}() /home/ubuntu/workspace/cms/vendor/laravel/framework/src/Illuminate/Pipeline/Pipeline.php:136
[08-Jul-2017 21:12:46 UTC] PHP  38. Illuminate\View\Middleware\ShareErrorsFromSession->handle() /home/ubuntu/workspace/cms/vendor/laravel/framework/src/Illuminate/Pipeline/Pipeline.php:136
[08-Jul-2017 21:12:46 UTC] PHP  39. Illuminate\Routing\Pipeline->Illuminate\Routing\{closure}() /home/ubuntu/workspace/cms/vendor/laravel/framework/src/Illuminate/View/Middleware/ShareErrorsFromSession.php:49
[08-Jul-2017 21:12:46 UTC] PHP  40. call_user_func:{/home/ubuntu/workspace/cms/vendor/laravel/framework/src/Illuminate/Routing/Pipeline.php:32}() /home/ubuntu/workspace/cms/vendor/laravel/framework/src/Illuminate/Routing/Pipeline.php:32
[08-Jul-2017 21:12:46 UTC] PHP  41. Illuminate\Pipeline\Pipeline->Illuminate\Pipeline\{closure}() /home/ubuntu/workspace/cms/vendor/laravel/framework/src/Illuminate/Routing/Pipeline.php:32
[08-Jul-2017 21:12:46 UTC] PHP  42. call_user_func_array:{/home/ubuntu/workspace/cms/vendor/laravel/framework/src/Illuminate/Pipeline/Pipeline.php:136}() /home/ubuntu/workspace/cms/vendor/laravel/framework/src/Illuminate/Pipeline/Pipeline.php:136
[08-Jul-2017 21:12:46 UTC] PHP  43. Illuminate\Foundation\Http\Middleware\VerifyCsrfToken->handle() /home/ubuntu/workspace/cms/vendor/laravel/framework/src/Illuminate/Pipeline/Pipeline.php:136
[08-Jul-2017 21:12:46 UTC] PHP  44. Illuminate\Routing\Pipeline->Illuminate\Routing\{closure}() /home/ubuntu/workspace/cms/vendor/laravel/framework/src/Illuminate/Foundation/Http/Middleware/VerifyCsrfToken.php:64
[08-Jul-2017 21:12:46 UTC] PHP  45. call_user_func:{/home/ubuntu/workspace/cms/vendor/laravel/framework/src/Illuminate/Routing/Pipeline.php:52}() /home/ubuntu/workspace/cms/vendor/laravel/framework/src/Illuminate/Routing/Pipeline.php:52
[08-Jul-2017 21:12:46 UTC] PHP  46. Illuminate\Routing\Router->Illuminate\Routing\{closure}() /home/ubuntu/workspace/cms/vendor/laravel/framework/src/Illuminate/Routing/Pipeline.php:52
[08-Jul-2017 21:12:46 UTC] PHP  47. Illuminate\Routing\Router->prepareResponse() /home/ubuntu/workspace/cms/vendor/laravel/framework/src/Illuminate/Routing/Router.php:725
[08-Jul-2017 21:12:46 UTC] PHP  48. Symfony\Component\HttpFoundation\Response->__construct() /home/ubuntu/workspace/cms/vendor/laravel/framework/src/Illuminate/Routing/Router.php:1085
[08-Jul-2017 21:12:46 UTC] PHP  49. Illuminate\Http\Response->setContent() /home/ubuntu/workspace/cms/vendor/symfony/http-foundation/Response.php:201
[08-Jul-2017 21:12:46 UTC] PHP  50. Illuminate\View\View->render() /home/ubuntu/workspace/cms/vendor/laravel/framework/src/Illuminate/Http/Response.php:53
[08-Jul-2017 21:12:46 UTC] PHP  51. Illuminate\View\View->renderContents() /home/ubuntu/workspace/cms/vendor/laravel/framework/src/Illuminate/View/View.php:85
[08-Jul-2017 21:12:46 UTC] PHP  52. Illuminate\View\View->getContents() /home/ubuntu/workspace/cms/vendor/laravel/framework/src/Illuminate/View/View.php:120
[08-Jul-2017 21:12:46 UTC] PHP  53. Illuminate\View\Engines\CompilerEngine->get() /home/ubuntu/workspace/cms/vendor/laravel/framework/src/Illuminate/View/View.php:149
[08-Jul-2017 21:12:46 UTC] PHP  54. Illuminate\View\Engines\PhpEngine->evaluatePath() /home/ubuntu/workspace/cms/vendor/laravel/framework/src/Illuminate/View/Engines/CompilerEngine.php:59
[08-Jul-2017 21:12:46 UTC] PHP  55. include() /home/ubuntu/workspace/cms/vendor/laravel/framework/src/Illuminate/View/Engines/PhpEngine.php:42
[08-Jul-2017 21:12:46 UTC] PHP  56. Illuminate\View\View->render() /home/ubuntu/workspace/cms/storage/framework/views/450d54023cac52d243fd0738556fc3139dbf1c5e.php:7
[08-Jul-2017 21:12:46 UTC] PHP  57. Illuminate\View\View->renderContents() /home/ubuntu/workspace/cms/vendor/laravel/framework/src/Illuminate/View/View.php:85
[08-Jul-2017 21:12:46 UTC] PHP  58. Illuminate\View\View->getContents() /home/ubuntu/workspace/cms/vendor/laravel/framework/src/Illuminate/View/View.php:120
[08-Jul-2017 21:12:46 UTC] PHP  59. Illuminate\View\Engines\CompilerEngine->get() /home/ubuntu/workspace/cms/vendor/laravel/framework/src/Illuminate/View/View.php:149
[08-Jul-2017 21:12:46 UTC] PHP  60. Illuminate\View\Engines\PhpEngine->evaluatePath() /home/ubuntu/workspace/cms/vendor/laravel/framework/src/Illuminate/View/Engines/CompilerEngine.php:59
